<?xml version="1.0" encoding="UTF-8"?>
<testng-results ignored="0" total="1" passed="1" failed="0" skipped="0">
  <reporter-output>
  </reporter-output>
  <suite started-at="2026-05-11T13:28:21 IST" name="Automation Suite" finished-at="2026-05-11T13:28:31 IST" duration-ms="9914">
    <groups>
    </groups>
    <test started-at="2026-05-11T13:28:21 IST" name="Login Tests" finished-at="2026-05-11T13:28:31 IST" duration-ms="9914">
      <class name="testcases.MyFirstTest">
        <test-method is-config="true" signature="setUp()[pri:0, instance:testcases.MyFirstTest@1dac5ef]" started-at="2026-05-11T13:28:21 IST" name="setUp" finished-at="2026-05-11T13:28:28 IST" duration-ms="6696" status="PASS">
          <reporter-output>
          </reporter-output>
        </test-method> <!-- setUp -->
        <test-method signature="LoginTest(java.lang.String,java.lang.String)[pri:0, instance:testcases.MyFirstTest@1dac5ef]" started-at="2026-05-11T13:28:28 IST" name="LoginTest" data-provider="LoginData" finished-at="2026-05-11T13:28:31 IST" duration-ms="2845" status="PASS">
          <params>
            <param index="0">
              <value>
                <![CDATA[madhavjaintesting@gmail.com]]>
              </value>
            </param>
            <param index="1">
              <value>
                <![CDATA[MyTesting@252401!]]>
              </value>
            </param>
          </params>
          <reporter-output>
          </reporter-output>
        </test-method> <!-- LoginTest -->
        <test-method is-config="true" signature="tearDown()[pri:0, instance:testcases.MyFirstTest@1dac5ef]" started-at="2026-05-11T13:28:31 IST" name="tearDown" finished-at="2026-05-11T13:28:31 IST" duration-ms="337" status="PASS">
          <reporter-output>
          </reporter-output>
        </test-method> <!-- tearDown -->
      </class> <!-- testcases.MyFirstTest -->
    </test> <!-- Login Tests -->
  </suite> <!-- Automation Suite -->
</testng-results>
